0 info it worked if it ends with ok
1 verbose cli [ '/usr/bin/node', '/usr/bin/npm', 'install', 'nodemailerv0.7.1' ]
2 info using npm@1.4.28
3 info using node@v0.10.37
4 verbose node symlink /usr/bin/node
5 warn package.json package.json@0.0.0 No repository field.
6 warn package.json path@0.12.7 path is also the name of a node core module.
7 verbose readDependencies using package.json deps
8 verbose cache add [ 'nodemailerv0.7.1', null ]
9 verbose cache add name=undefined spec="nodemailerv0.7.1" args=["nodemailerv0.7.1",null]
10 verbose parsed url { protocol: null,
10 verbose parsed url   slashes: null,
10 verbose parsed url   auth: null,
10 verbose parsed url   host: null,
10 verbose parsed url   port: null,
10 verbose parsed url   hostname: null,
10 verbose parsed url   hash: null,
10 verbose parsed url   search: null,
10 verbose parsed url   query: null,
10 verbose parsed url   pathname: 'nodemailerv0.7.1',
10 verbose parsed url   path: 'nodemailerv0.7.1',
10 verbose parsed url   href: 'nodemailerv0.7.1' }
11 silly lockFile 377a6b93-nodemailerv0-7-1 nodemailerv0.7.1
12 verbose lock nodemailerv0.7.1 /home/deepthi/.npm/377a6b93-nodemailerv0-7-1.lock
13 silly lockFile 377a6b93-nodemailerv0-7-1 nodemailerv0.7.1
14 silly lockFile 377a6b93-nodemailerv0-7-1 nodemailerv0.7.1
15 verbose addNamed [ 'nodemailerv0.7.1', '' ]
16 verbose addNamed [ null, '*' ]
17 silly lockFile 740888e8-nodemailerv0-7-1 nodemailerv0.7.1@
18 verbose lock nodemailerv0.7.1@ /home/deepthi/.npm/740888e8-nodemailerv0-7-1.lock
19 silly addNameRange { name: 'nodemailerv0.7.1', range: '*', hasData: false }
20 verbose request where is /nodemailerv0.7.1
21 verbose request registry https://registry.npmjs.org/
22 verbose request id 0ba77a0bc485ea74
23 verbose url raw /nodemailerv0.7.1
24 verbose url resolving [ 'https://registry.npmjs.org/', './nodemailerv0.7.1' ]
25 verbose url resolved https://registry.npmjs.org/nodemailerv0.7.1
26 verbose request where is https://registry.npmjs.org/nodemailerv0.7.1
27 info trying registry request attempt 1 at 01:10:39
28 http GET https://registry.npmjs.org/nodemailerv0.7.1
29 http 404 https://registry.npmjs.org/nodemailerv0.7.1
30 silly registry.get cb [ 404,
30 silly registry.get   { 'content-type': 'application/json',
30 silly registry.get     'cache-control': 'max-age=0',
30 silly registry.get     'content-length': '2',
30 silly registry.get     'accept-ranges': 'bytes',
30 silly registry.get     date: 'Sun, 01 Nov 2015 08:10:39 GMT',
30 silly registry.get     via: '1.1 varnish',
30 silly registry.get     age: '0',
30 silly registry.get     connection: 'keep-alive',
30 silly registry.get     'x-served-by': 'cache-lax1433-LAX',
30 silly registry.get     'x-cache': 'MISS',
30 silly registry.get     'x-cache-hits': '0',
30 silly registry.get     'x-timer': 'S1446365439.644127,VS0,VE202' } ]
31 silly lockFile 740888e8-nodemailerv0-7-1 nodemailerv0.7.1@
32 silly lockFile 740888e8-nodemailerv0-7-1 nodemailerv0.7.1@
33 error 404 Not Found
33 error 404
33 error 404 'nodemailerv0.7.1' is not in the npm registry.
33 error 404 You should bug the author to publish it
33 error 404 It was specified as a dependency of 'cmpe295B'
33 error 404
33 error 404 Note that you can also install from a
33 error 404 tarball, folder, or http url, or git url.
34 error System Linux 3.13.0-65-generic
35 error command "/usr/bin/node" "/usr/bin/npm" "install" "nodemailerv0.7.1"
36 error cwd /home/deepthi/workspace/cmpe295BNew
37 error node -v v0.10.37
38 error npm -v 1.4.28
39 error code E404
40 verbose exit [ 1, true ]
